<?xml version="1.0" encoding="UTF-8"?>
<testng-results skipped="0" failed="0" ignored="0" total="1" passed="1">
  <reporter-output>
  </reporter-output>
  <suite name="Default suite" duration-ms="21014" started-at="2020-01-06T17:04:21Z" finished-at="2020-01-06T17:04:42Z">
    <groups>
    </groups>
    <test name="Default test" duration-ms="21014" started-at="2020-01-06T17:04:21Z" finished-at="2020-01-06T17:04:42Z">
      <class name="TestCases.E_Login">
        <test-method status="PASS" signature="OpenEbay()[pri:0, instance:TestCases.E_Login@5e5792a0]" name="OpenEbay" is-config="true" duration-ms="8327" started-at="2020-01-06T17:04:21Z" finished-at="2020-01-06T17:04:30Z">
          <reporter-output>
          </reporter-output>
        </test-method> <!-- OpenEbay -->
        <test-method status="PASS" signature="Login()[pri:0, instance:TestCases.E_Login@5e5792a0]" name="Login" duration-ms="10517" started-at="2020-01-06T17:04:30Z" finished-at="2020-01-06T17:04:40Z">
          <reporter-output>
          </reporter-output>
        </test-method> <!-- Login -->
        <test-method status="PASS" signature="closeDriver()[pri:0, instance:TestCases.E_Login@5e5792a0]" name="closeDriver" is-config="true" duration-ms="2105" started-at="2020-01-06T17:04:40Z" finished-at="2020-01-06T17:04:42Z">
          <reporter-output>
          </reporter-output>
        </test-method> <!-- closeDriver -->
      </class> <!-- TestCases.E_Login -->
    </test> <!-- Default test -->
  </suite> <!-- Default suite -->
</testng-results>
